daniel@daniel-HP-ProBook-450-G8-Notebook-PC:~/Documents/KijaniKiosk/IP$ sudo bash kijanikiosk-provision.sh
[2026-06-21T20:37:58] INFO  Starting KijaniKiosk provisioning...
[2026-06-21T20:37:58] INFO  === Phase 1: Package Installation ===
Hit:1 http://ke.archive.ubuntu.com/ubuntu noble InRelease                             
Hit:2 http://ke.archive.ubuntu.com/ubuntu noble-updates InRelease                     
Hit:3 http://ke.archive.ubuntu.com/ubuntu noble-backports InRelease                   
Hit:4 https://deb.nodesource.com/node_20.x nodistro InRelease                         
Hit:5 https://dl.google.com/linux/chrome-stable/deb stable InRelease                  
Hit:6 http://security.ubuntu.com/ubuntu noble-security InRelease
Reading package lists... Done
Reading package lists... Done
Building dependency tree... Done
Reading state information... Done
curl is already the newest version (8.5.0-2ubuntu10.9).
gnupg is already the newest version (2.4.4-2ubuntu17.4).
acl is already the newest version (2.3.2-1build1.1).
ufw is already the newest version (0.36.2-6).
0 upgraded, 0 newly installed, 0 to remove and 1 not upgraded.
Reading package lists... Done
Building dependency tree... Done
Reading state information... Done
nginx is already the newest version (1.24.0-2ubuntu7.12).
The following packages were automatically installed and are no longer required:
  node-busboy node-cjs-module-lexer node-undici node-xtend
Use 'sudo apt autoremove' to remove them.
The following packages will be REMOVED:
  libnode109 node-acorn nodejs-doc
The following held packages will be changed:
  nodejs
The following packages will be upgraded:
  nodejs
1 upgraded, 0 newly installed, 3 to remove and 0 not upgraded.
E: Held packages were changed and -y was used without --allow-change-held-packages.
