=================================
Terraform Apply
=================================
[0m[1mInitializing modules...[0m
[0m[1mInitializing provider plugins found in the configuration...[0m
- Reusing previous version of hashicorp/aws from the dependency lock file
- Using previously-installed hashicorp/aws v6.53.0

[0m[1mInitializing the backend...[0m

[0m[1mInitializing provider plugins found in the state...[0m
- Reusing previous version of hashicorp/aws
- Using previously-installed hashicorp/aws v6.53.0


[0m[1m[32mTerraform has been successfully initialized![0m[32m[0m
[0m[32m
You may now begin working with Terraform. Try running "terraform plan" to see
any changes that are required for your infrastructure. All Terraform commands
should now work.

If you ever set or change modules or backend configuration for Terraform,
rerun this command to reinitialize your working directory. If you forget, other
commands will detect it and remind you to do so if necessary.[0m
[0m[1mdata.aws_ami.ubuntu: Reading...[0m[0m
[0m[1mmodule.app_servers["logs"].aws_security_group.app: Refreshing state... [id=sg-06b4a101d6a0677f0][0m
[0m[1mmodule.app_servers["api"].aws_security_group.app: Refreshing state... [id=sg-062d9214275d83e01][0m
[0m[1mmodule.app_servers["payments"].aws_security_group.app: Refreshing state... [id=sg-07b09919ee490cc8e][0m
[0m[1mdata.aws_ami.ubuntu: Read complete after 2s [id=ami-0a02a779008fa3b99][0m
[0m[1mmodule.app_servers["api"].aws_instance.this: Refreshing state... [id=i-07b1ee1ead4fccc49][0m
[0m[1mmodule.app_servers["logs"].aws_instance.this: Refreshing state... [id=i-09b683e3d025eb10f][0m
[0m[1mmodule.app_servers["payments"].aws_instance.this: Refreshing state... [id=i-0a4f88ac15a5d5fbc][0m

[0m[1m[32mNo changes.[0m[1m Your infrastructure matches the configuration.[0m

[0mTerraform has compared your real infrastructure against your configuration
and found no differences, so no changes are needed.
[0m[1m[32m
Apply complete! Resources: 0 added, 0 changed, 0 destroyed.[0m
[0m[1m[32m
Outputs:

[0mapi_server_ip = "34.235.111.210"
logs_server_ip = "3.91.104.155"
payments_server_ip = "54.85.160.144"
ssh_commands = {
  "api" = "ssh -i ~/.ssh/id_ed25519 ubuntu@34.235.111.210"
  "logs" = "ssh -i ~/.ssh/id_ed25519 ubuntu@3.91.104.155"
  "payments" = "ssh -i ~/.ssh/id_ed25519 ubuntu@54.85.160.144"
}
=================================
Generating Inventory
=================================
=================================
Running Ansible
=================================

PLAY [Configure KijaniKiosk servers] *******************************************

TASK [Gathering Facts] *********************************************************
[ERROR]: Task failed: Failed to connect to the host via ssh: ssh_askpass: exec(/usr/bin/ssh-askpass): No such file or directory
Host key verification failed.

fatal: [logs-staging]: UNREACHABLE! => {"changed": false, "msg": "Task failed: Failed to connect to the host via ssh: ssh_askpass: exec(/usr/bin/ssh-askpass): No such file or directory\r\nHost key verification failed.", "unreachable": true}
fatal: [api-staging]: UNREACHABLE! => {"changed": false, "msg": "Task failed: Failed to connect to the host via ssh: ssh_askpass: exec(/usr/bin/ssh-askpass): No such file or directory\r\nHost key verification failed.", "unreachable": true}
fatal: [payments-staging]: UNREACHABLE! => {"changed": false, "msg": "Task failed: Failed to connect to the host via ssh: ssh_askpass: exec(/usr/bin/ssh-askpass): No such file or directory\r\nHost key verification failed.", "unreachable": true}

PLAY RECAP *********************************************************************
api-staging                : ok=0    changed=0    unreachable=1    failed=0    skipped=0    rescued=0    ignored=0   
logs-staging               : ok=0    changed=0    unreachable=1    failed=0    skipped=0    rescued=0    ignored=0   
payments-staging           : ok=0    changed=0    unreachable=1    failed=0    skipped=0    rescued=0    ignored=0   

